<?xml version="1.0" encoding="UTF-8"?>
<!-- Generated by org.testng.reporters.JUnitXMLReporter -->
<testsuite hostname="SAs-MacBook-Air.local" ignored="0" name="Default test" tests="3" failures="0" timestamp="2020-08-03T00:50:34 EDT" time="34.432" errors="0">
  <testcase name="verifyPageTitleTest" time="3.11" classname="com.qa.hotels.tests.Case1Test"/>
  <testcase name="verifyGetPageHeader" time="1.655" classname="com.qa.hotels.tests.Case1Test"/>
  <testcase name="verifySelectRequeriments" time="19.469" classname="com.qa.hotels.tests.Case1Test"/>
</testsuite> <!-- Default test -->
