<?xml version="1.0" encoding="UTF-8"?>
<testng-results skipped="0" failed="1" ignored="0" total="8" passed="7">
  <reporter-output>
  </reporter-output>
  <suite name="Suite" duration-ms="289260" started-at="2020-08-03T01:40:13 EDT" finished-at="2020-08-03T01:45:02 EDT">
    <groups>
    </groups>
    <test name="Test" duration-ms="289260" started-at="2020-08-03T01:40:13 EDT" finished-at="2020-08-03T01:45:02 EDT">
      <class name="com.qa.hotels.tests.Case2Test">
        <test-method status="PASS" signature="setUp()[pri:0, instance:com.qa.hotels.tests.Case2Test@6193932a]" name="setUp" is-config="true" duration-ms="33074" started-at="2020-08-03T01:40:24 EDT" finished-at="2020-08-03T01:40:57 EDT">
          <reporter-output>
          </reporter-output>
        </test-method> <!-- setUp -->
        <test-method status="PASS" signature="verifyIsHiltonThree()[pri:1, instance:com.qa.hotels.tests.Case2Test@6193932a]" name="verifyIsHiltonThree" duration-ms="85119" started-at="2020-08-03T01:42:42 EDT" finished-at="2020-08-03T01:44:08 EDT">
          <reporter-output>
          </reporter-output>
        </test-method> <!-- verifyIsHiltonThree -->
        <test-method status="PASS" signature="verifyGetPPageTitle()[pri:2, instance:com.qa.hotels.tests.Case2Test@6193932a]" name="verifyGetPPageTitle" duration-ms="25" started-at="2020-08-03T01:44:08 EDT" finished-at="2020-08-03T01:44:08 EDT">
          <reporter-output>
          </reporter-output>
        </test-method> <!-- verifyGetPPageTitle -->
        <test-method status="PASS" signature="verifyGetPageHeader()[pri:3, instance:com.qa.hotels.tests.Case2Test@6193932a]" name="verifyGetPageHeader" duration-ms="1620" started-at="2020-08-03T01:44:08 EDT" finished-at="2020-08-03T01:44:09 EDT">
          <reporter-output>
          </reporter-output>
        </test-method> <!-- verifyGetPageHeader -->
        <test-method status="PASS" signature="tearDown()[pri:0, instance:com.qa.hotels.tests.Case2Test@6193932a]" name="tearDown" is-config="true" duration-ms="650" started-at="2020-08-03T01:45:01 EDT" finished-at="2020-08-03T01:45:01 EDT">
          <reporter-output>
          </reporter-output>
        </test-method> <!-- tearDown -->
      </class> <!-- com.qa.hotels.tests.Case2Test -->
      <class name="com.qa.hotels.tests.Case1Test">
        <test-method status="PASS" signature="setUp()[pri:0, instance:com.qa.hotels.tests.Case1Test@71b1176b]" name="setUp" is-config="true" duration-ms="10778" started-at="2020-08-03T01:40:13 EDT" finished-at="2020-08-03T01:40:24 EDT">
          <reporter-output>
          </reporter-output>
        </test-method> <!-- setUp -->
        <test-method status="PASS" signature="verifyPageTitleTest()[pri:1, instance:com.qa.hotels.tests.Case1Test@71b1176b]" name="verifyPageTitleTest" duration-ms="3504" started-at="2020-08-03T01:42:11 EDT" description="get page title  as Hotels.com - Deals &amp; Discounts for Hotel Reservations from Luxury Hotels to Budget Accommodations" finished-at="2020-08-03T01:42:15 EDT">
          <reporter-output>
          </reporter-output>
        </test-method> <!-- verifyPageTitleTest -->
        <test-method status="PASS" signature="verifyGetPageHeader()[pri:2, instance:com.qa.hotels.tests.Case1Test@71b1176b]" name="verifyGetPageHeader" duration-ms="1946" started-at="2020-08-03T01:42:16 EDT" finished-at="2020-08-03T01:42:18 EDT">
          <reporter-output>
          </reporter-output>
        </test-method> <!-- verifyGetPageHeader -->
        <test-method status="PASS" signature="verifySelectRequeriments()[pri:3, instance:com.qa.hotels.tests.Case1Test@71b1176b]" name="verifySelectRequeriments" duration-ms="24938" started-at="2020-08-03T01:42:18 EDT" finished-at="2020-08-03T01:42:42 EDT">
          <reporter-output>
          </reporter-output>
        </test-method> <!-- verifySelectRequeriments -->
        <test-method status="PASS" signature="tearDown()[pri:0, instance:com.qa.hotels.tests.Case1Test@71b1176b]" name="tearDown" is-config="true" duration-ms="751" started-at="2020-08-03T01:45:00 EDT" finished-at="2020-08-03T01:45:01 EDT">
          <reporter-output>
          </reporter-output>
        </test-method> <!-- tearDown -->
      </class> <!-- com.qa.hotels.tests.Case1Test -->
      <class name="com.qa.hotels.tests.Star4Test">
        <test-method status="PASS" signature="setUp()[pri:0, instance:com.qa.hotels.tests.Star4Test@647fd8ce]" name="setUp" is-config="true" duration-ms="32511" started-at="2020-08-03T01:40:57 EDT" finished-at="2020-08-03T01:41:29 EDT">
          <reporter-output>
          </reporter-output>
        </test-method> <!-- setUp -->
        <test-method status="FAIL" signature="verifyIsFour()[pri:1, instance:com.qa.hotels.tests.Star4Test@647fd8ce]" name="verifyIsFour" duration-ms="42827" started-at="2020-08-03T01:44:09 EDT" finished-at="2020-08-03T01:44:52 EDT">
          <exception class="org.openqa.selenium.StaleElementReferenceException">
            <message>
              <![CDATA[stale element reference: element is not attached to the page document
  (Session info: chrome=84.0.4147.105)
For documentation on this error, please visit: https://www.seleniumhq.org/exceptions/stale_element_reference.html
Build info: version: '3.141.59', revision: 'e82be7d358', time: '2018-11-14T08:17:03'
System info: host: 'SAs-MacBook-Air.local', ip: '127.0.0.1', os.name: 'Mac OS X', os.arch: 'x86_64', os.version: '10.15.1', java.version: '1.8.0_241'
Driver info: org.openqa.selenium.chrome.ChromeDriver
Capabilities {acceptInsecureCerts: false, browserName: chrome, browserVersion: 84.0.4147.105, chrome: {chromedriverVersion: 84.0.4147.30 (48b3e868b4cc0..., userDataDir: /var/folders/rq/1m8mnbj102n...}, goog:chromeOptions: {debuggerAddress: localhost:63343}, javascriptEnabled: true, networkConnectionEnabled: false, pageLoadStrategy: normal, platform: MAC, platformName: MAC, proxy: Proxy(), setWindowRect: true, strictFileInteractability: false, timeouts: {implicit: 0, pageLoad: 300000, script: 30000}, unhandledPromptBehavior: dismiss and notify, webauthn:virtualAuthenticators: true}
Session ID: de2c29096ff938a86ff5e3fe8c8631c2]]>
            </message>
            <full-stacktrace>
              <![CDATA[org.openqa.selenium.StaleElementReferenceException: stale element reference: element is not attached to the page document
  (Session info: chrome=84.0.4147.105)
For documentation on this error, please visit: https://www.seleniumhq.org/exceptions/stale_element_reference.html
Build info: version: '3.141.59', revision: 'e82be7d358', time: '2018-11-14T08:17:03'
System info: host: 'SAs-MacBook-Air.local', ip: '127.0.0.1', os.name: 'Mac OS X', os.arch: 'x86_64', os.version: '10.15.1', java.version: '1.8.0_241'
Driver info: org.openqa.selenium.chrome.ChromeDriver
Capabilities {acceptInsecureCerts: false, browserName: chrome, browserVersion: 84.0.4147.105, chrome: {chromedriverVersion: 84.0.4147.30 (48b3e868b4cc0..., userDataDir: /var/folders/rq/1m8mnbj102n...}, goog:chromeOptions: {debuggerAddress: localhost:63343}, javascriptEnabled: true, networkConnectionEnabled: false, pageLoadStrategy: normal, platform: MAC, platformName: MAC, proxy: Proxy(), setWindowRect: true, strictFileInteractability: false, timeouts: {implicit: 0, pageLoad: 300000, script: 30000}, unhandledPromptBehavior: dismiss and notify, webauthn:virtualAuthenticators: true}
Session ID: de2c29096ff938a86ff5e3fe8c8631c2
at sun.reflect.NativeConstructorAccessorImpl.newInstance0(Native Method)
at sun.reflect.NativeConstructorAccessorImpl.newInstance(NativeConstructorAccessorImpl.java:62)
at sun.reflect.DelegatingConstructorAccessorImpl.newInstance(DelegatingConstructorAccessorImpl.java:45)
at java.lang.reflect.Constructor.newInstance(Constructor.java:423)
at org.openqa.selenium.remote.http.W3CHttpResponseCodec.createException(W3CHttpResponseCodec.java:187)
at org.openqa.selenium.remote.http.W3CHttpResponseCodec.decode(W3CHttpResponseCodec.java:122)
at org.openqa.selenium.remote.http.W3CHttpResponseCodec.decode(W3CHttpResponseCodec.java:49)
at org.openqa.selenium.remote.HttpCommandExecutor.execute(HttpCommandExecutor.java:158)
at org.openqa.selenium.remote.service.DriverCommandExecutor.execute(DriverCommandExecutor.java:83)
at org.openqa.selenium.remote.RemoteWebDriver.execute(RemoteWebDriver.java:552)
at org.openqa.selenium.remote.RemoteWebElement.execute(RemoteWebElement.java:285)
at org.openqa.selenium.remote.RemoteWebElement.getText(RemoteWebElement.java:166)
at com.qa.hotels.pages.Star4.IsFourStarsInTenMiles(Star4.java:55)
at com.qa.hotels.tests.Star4Test.verifyIsFour(Star4Test.java:48)
at sun.reflect.NativeMethodAccessorImpl.invoke0(Native Method)
at sun.reflect.NativeMethodAccessorImpl.invoke(NativeMethodAccessorImpl.java:62)
at sun.reflect.DelegatingMethodAccessorImpl.invoke(DelegatingMethodAccessorImpl.java:43)
at java.lang.reflect.Method.invoke(Method.java:498)
at org.testng.internal.MethodInvocationHelper.invokeMethod(MethodInvocationHelper.java:135)
at org.testng.internal.TestInvoker.invokeMethod(TestInvoker.java:598)
at org.testng.internal.TestInvoker.invokeTestMethod(TestInvoker.java:174)
at org.testng.internal.MethodRunner.runInSequence(MethodRunner.java:46)
at org.testng.internal.TestInvoker$MethodInvocationAgent.invoke(TestInvoker.java:821)
at org.testng.internal.TestInvoker.invokeTestMethods(TestInvoker.java:147)
at org.testng.internal.TestMethodWorker.invokeTestMethods(TestMethodWorker.java:146)
at org.testng.internal.TestMethodWorker.run(TestMethodWorker.java:128)
at java.util.ArrayList.forEach(ArrayList.java:1257)
at org.testng.TestRunner.privateRun(TestRunner.java:767)
at org.testng.TestRunner.run(TestRunner.java:588)
at org.testng.SuiteRunner.runTest(SuiteRunner.java:384)
at org.testng.SuiteRunner.runSequentially(SuiteRunner.java:378)
at org.testng.SuiteRunner.privateRun(SuiteRunner.java:337)
at org.testng.SuiteRunner.run(SuiteRunner.java:286)
at org.testng.SuiteRunnerWorker.runSuite(SuiteRunnerWorker.java:53)
at org.testng.SuiteRunnerWorker.run(SuiteRunnerWorker.java:96)
at org.testng.TestNG.runSuitesSequentially(TestNG.java:1214)
at org.testng.TestNG.runSuitesLocally(TestNG.java:1136)
at org.testng.TestNG.runSuites(TestNG.java:1066)
at org.testng.TestNG.run(TestNG.java:1034)
at org.testng.remote.AbstractRemoteTestNG.run(AbstractRemoteTestNG.java:115)
at org.testng.remote.RemoteTestNG.initAndRun(RemoteTestNG.java:251)
at org.testng.remote.RemoteTestNG.main(RemoteTestNG.java:77)
]]>
            </full-stacktrace>
          </exception> <!-- org.openqa.selenium.StaleElementReferenceException -->
          <reporter-output>
          </reporter-output>
        </test-method> <!-- verifyIsFour -->
        <test-method status="PASS" signature="tearDown()[pri:0, instance:com.qa.hotels.tests.Star4Test@647fd8ce]" name="tearDown" is-config="true" duration-ms="531" started-at="2020-08-03T01:45:01 EDT" finished-at="2020-08-03T01:45:02 EDT">
          <reporter-output>
          </reporter-output>
        </test-method> <!-- tearDown -->
      </class> <!-- com.qa.hotels.tests.Star4Test -->
      <class name="com.qa.hotels.tests.Star5Test">
        <test-method status="PASS" signature="setUp()[pri:0, instance:com.qa.hotels.tests.Star5Test@159f197]" name="setUp" is-config="true" duration-ms="42084" started-at="2020-08-03T01:41:29 EDT" finished-at="2020-08-03T01:42:11 EDT">
          <reporter-output>
          </reporter-output>
        </test-method> <!-- setUp -->
        <test-method status="PASS" signature="verifyIsFive()[pri:1, instance:com.qa.hotels.tests.Star5Test@159f197]" name="verifyIsFive" duration-ms="7724" started-at="2020-08-03T01:44:52 EDT" finished-at="2020-08-03T01:45:00 EDT">
          <reporter-output>
          </reporter-output>
        </test-method> <!-- verifyIsFive -->
        <test-method status="PASS" signature="tearDown()[pri:0, instance:com.qa.hotels.tests.Star5Test@159f197]" name="tearDown" is-config="true" duration-ms="359" started-at="2020-08-03T01:45:02 EDT" finished-at="2020-08-03T01:45:02 EDT">
          <reporter-output>
          </reporter-output>
        </test-method> <!-- tearDown -->
      </class> <!-- com.qa.hotels.tests.Star5Test -->
    </test> <!-- Test -->
  </suite> <!-- Suite -->
</testng-results>
